d:\cpp\mfc\mycamerademarcate\mycamerademarcate\debug\mycamerademarcate.pch
d:\cpp\mfc\mycamerademarcate\mycamerademarcate\debug\vc120.pdb
d:\cpp\mfc\mycamerademarcate\mycamerademarcate\debug\vc120.idb
d:\cpp\mfc\mycamerademarcate\mycamerademarcate\debug\stdafx.obj
d:\cpp\mfc\mycamerademarcate\mycamerademarcate\debug\cameracalibrator.obj
d:\cpp\mfc\mycamerademarcate\mycamerademarcate\debug\cvvimage.obj
d:\cpp\mfc\mycamerademarcate\mycamerademarcate\debug\mycamerademarcate.obj
d:\cpp\mfc\mycamerademarcate\mycamerademarcate\debug\mycamerademarcatedlg.obj
d:\cpp\mfc\mycamerademarcate\mycamerademarcate\debug\myoperatecamera.obj
d:\cpp\mfc\mycamerademarcate\debug\mycamerademarcate.ilk
d:\cpp\mfc\mycamerademarcate\debug\mycamerademarcate.exe
d:\cpp\mfc\mycamerademarcate\debug\mycamerademarcate.pdb
d:\cpp\mfc\mycamerademarcate\mycamerademarcate\debug\mycamerademarcate.res
d:\cpp\mfc\mycamerademarcate\mycamerademarcate\debug\mycamera.00980d5f.tlog\cl.command.1.tlog
d:\cpp\mfc\mycamerademarcate\mycamerademarcate\debug\mycamera.00980d5f.tlog\cl.read.1.tlog
d:\cpp\mfc\mycamerademarcate\mycamerademarcate\debug\mycamera.00980d5f.tlog\cl.write.1.tlog
d:\cpp\mfc\mycamerademarcate\mycamerademarcate\debug\mycamera.00980d5f.tlog\link.command.1.tlog
d:\cpp\mfc\mycamerademarcate\mycamerademarcate\debug\mycamera.00980d5f.tlog\link.read.1.tlog
d:\cpp\mfc\mycamerademarcate\mycamerademarcate\debug\mycamera.00980d5f.tlog\link.write.1.tlog
d:\cpp\mfc\mycamerademarcate\mycamerademarcate\debug\mycamera.00980d5f.tlog\rc.command.1.tlog
d:\cpp\mfc\mycamerademarcate\mycamerademarcate\debug\mycamera.00980d5f.tlog\rc.read.1.tlog
d:\cpp\mfc\mycamerademarcate\mycamerademarcate\debug\mycamera.00980d5f.tlog\rc.write.1.tlog
